#-----------------------------------------------------------
# Vivado v2020.1 (64-bit)
# SW Build 2902540 on Wed May 27 19:54:49 MDT 2020
# IP Build 2902112 on Wed May 27 22:43:36 MDT 2020
# Start of session at: Mon Jan 11 14:41:04 2021
# Process ID: 31464
# Current directory: C:/Users/lsima/Desktop/lab3v3
# Command line: vivado.exe -gui_launcher_event rodinguilauncherevent4748 C:\Users\lsima\Desktop\lab3v3\lab3v3.xpr
# Log file: C:/Users/lsima/Desktop/lab3v3/vivado.log
# Journal file: C:/Users/lsima/Desktop/lab3v3\vivado.jou
#-----------------------------------------------------------
start_gui
open_project C:/Users/lsima/Desktop/lab3v3/lab3v3.xpr
Scanning sources...
Finished scanning sources
WARNING: [filemgmt 56-3] Board Part Repository Path: Could not find the directory 'C:/../../../AppData/Roaming/Xilinx/Vivado/2020.1/xhub/board_store/xilinx_board_store'.
INFO: [IP_Flow 19-234] Refreshing IP repositories
INFO: [IP_Flow 19-1704] No user IP repositories specified
INFO: [IP_Flow 19-2313] Loaded Vivado IP repository 'E:/Programas/Xilinx/Vivado/2020.1/data/ip'.
open_project: Time (s): cpu = 00:00:20 ; elapsed = 00:00:09 . Memory (MB): peak = 1027.371 ; gain = 0.000
update_compile_order -fileset sources_1
positories specified
INFO: [IP_Flow 19-2313] Loaded Vivado IP repository 'E:/Programas/Xilinx/Vivado/2020.1/data/ip'.
open_project: Time (s): cpu = 00:00:19 ; elapsed = 00:00:10 . Memory (MB): peak = 1016.520 ; gain = 0.000
update_compile_order -fileset sources_1
exit
INFO: [Common 17-206] Exiting Vivado at Mon Jan 11 14:48:57 2021...
